<?xml version="1.0" encoding="UTF-8"?>
<!-- Generated by org.testng.reporters.JUnitXMLReporter -->
<testsuite ignored="1" hostname="TechCircle-2s-Mac-mini.local" failures="0" tests="2" name="Prallel Tests" time="18.53" errors="0" timestamp="2023-05-22T20:28:01 EDT">
  <testcase classname="testNG_Topics.ParallelTest" name="safariTest" time="5.435"/>
  <testcase classname="testNG_Topics.ParallelTest" name="ChromeTest" time="18.331"/>
  <testcase classname="testNG_Topics.ParallelTest" name="FirefoxTest" time="0.0">
    <ignored/>
  </testcase> <!-- FirefoxTest -->
</testsuite> <!-- Prallel Tests -->
