<?xml version="1.0" encoding="UTF-8"?>
<!-- Generated by org.testng.reporters.JUnitXMLReporter -->
<testsuite ignored="0" hostname="TechCircle-2s-Mac-mini.local" failures="0" tests="4" name="SmokeTest  Module1" time="0.152" errors="0" timestamp="2023-05-16T20:13:15 EDT">
  <testcase classname="testNG_Topics.annotations_description" name="testCase1" time="0.008"/>
  <testcase classname="testNG_Topics.annotations_description" name="testCase2" time="0.003"/>
  <testcase classname="testNG_Topics.TestNG_HomePageTests" name="homePageTest1" time="0.001"/>
  <testcase classname="testNG_Topics.TestNG_HomePageTests" name="homePageTest2" time="0.005"/>
</testsuite> <!-- SmokeTest  Module1 -->
