<?xml version="1.0" encoding="UTF-8"?>
<!-- Generated by org.testng.reporters.JUnitXMLReporter -->
<testsuite ignored="3" hostname="TechCirle2sMini" failures="0" tests="0" time="0.081" errors="0" timestamp="2023-06-21T21:58:46 EDT">
  <testcase classname="TestNG_Testing.TestNG_TestCase" name="Test2closeBrowser" time="0.0">
    <ignored/>
  </testcase> <!-- Test2closeBrowser -->
  <testcase classname="TestNG_Testing.TestNG_TestCase" name="skipTest" time="0.0">
    <ignored/>
  </testcase> <!-- skipTest -->
  <testcase classname="TestNG_Testing.TestNG_TestCase" name="Test1openBrowser" time="0.0">
    <ignored/>
  </testcase> <!-- Test1openBrowser -->
</testsuite>
