<?xml version="1.0" encoding="UTF-8"?>
<!-- Generated by org.testng.reporters.JUnitXMLReporter -->
<testsuite ignored="0" hostname="TechCirle2sMini" failures="1" tests="3" name="Test" time="37.84" errors="0" timestamp="2023-06-15T21:53:24 EDT">
  <testcase classname="TestNG_Testing.TestNG_TestCase" name="Test1openBrowser" time="36.453">
    <failure type="java.lang.AssertionError" message="expected:&amp;lt;OrangeHDR&amp;gt; but was:&amp;lt;OrangeHRM&amp;gt;">
      <![CDATA[java.lang.AssertionError: expected:<OrangeHDR> but was:<OrangeHRM>
at TestNG_Testing.TestNG_TestCase.Test1openBrowser(TestNG_TestCase.java:32)
at java.base/java.util.ArrayList.forEach(ArrayList.java:1541)
... Removed 29 stack frames]]>
    </failure>
  </testcase> <!-- Test1openBrowser -->
  <testcase classname="TestNG_Testing.TestNG_TestCase" name="Test2closeBrowser" time="0.007"/>
  <testcase classname="TestNG_Testing.TestNG_TestCase" name="skipTest" time="0.007">
    <skipped/>
  </testcase> <!-- skipTest -->
</testsuite> <!-- Test -->
