<?xml version="1.0" encoding="UTF-8"?>
<testng-results ignored="0" total="1" passed="1" failed="0" skipped="0">
  <reporter-output>
  </reporter-output>
  <suite started-at="2023-05-22T21:53:02 EDT" name="Default suite" finished-at="2023-05-22T21:53:03 EDT" duration-ms="363">
    <groups>
    </groups>
    <test started-at="2023-05-22T21:53:02 EDT" name="Default test" finished-at="2023-05-22T21:53:03 EDT" duration-ms="363">
      <class name="testNG_Topics.DataProvidorTestCase">
        <test-method signature="myTest(java.lang.String,java.lang.String,int)[pri:0, instance:testNG_Topics.DataProvidorTestCase@57cf54e1]" started-at="2023-05-22T21:53:03 EDT" name="myTest" data-provider="dpMethod" finished-at="2023-05-22T21:53:03 EDT" duration-ms="14" status="PASS">
          <params>
            <param index="0">
              <value>
                <![CDATA[Shafkat]]>
              </value>
            </param>
            <param index="1">
              <value>
                <![CDATA[Ali]]>
              </value>
            </param>
            <param index="2">
              <value>
                <![CDATA[24]]>
              </value>
            </param>
          </params>
          <reporter-output>
          </reporter-output>
        </test-method> <!-- myTest -->
      </class> <!-- testNG_Topics.DataProvidorTestCase -->
    </test> <!-- Default test -->
  </suite> <!-- Default suite -->
</testng-results>
